<?xml version="1.0" encoding="UTF-8"?>
<!-- Generated by org.testng.reporters.JUnitXMLReporter -->
<testsuite hostname="INLT1716" ignored="0" tests="7" failures="0" timestamp="28 Jan 2021 05:07:49 GMT" time="19.858" errors="0">
  <testcase name="googleMailTest" time="0.008" classname="NewTestNG"/>
  <testcase name="testTitle" time="0.025" classname="TestNG"/>
  <testcase name="test" time="0.0" classname="ExpectedException"/>
  <testcase name="googleMailLinkTest" time="0.106" classname="GoogleFeatureTest"/>
  <testcase name="titleTest" time="0.008" classname="GoogleFeatureTest"/>
  <testcase name="googleTitleTest" time="0.001" classname="NewTestNG"/>
  <testcase name="googleLogoTest" time="0.001" classname="NewTestNG"/>
</testsuite>
