<?xml version="1.0" encoding="UTF-8"?>
<testng-results skipped="0" failed="0" ignored="0" total="7" passed="7">
  <reporter-output>
  </reporter-output>
  <suite name="TestNG" duration-ms="19858" started-at="2021-01-28T05:07:29Z" finished-at="2021-01-28T05:07:49Z">
    <groups>
    </groups>
    <test name="TestNGFeatureTest" duration-ms="19858" started-at="2021-01-28T05:07:29Z" finished-at="2021-01-28T05:07:49Z">
      <class name="GoogleFeatureTest">
        <test-method status="PASS" signature="setup(java.lang.String)[pri:0, instance:GoogleFeatureTest@22a637e7]" name="setup" is-config="true" duration-ms="6961" started-at="2021-01-28T05:07:35Z" finished-at="2021-01-28T05:07:42Z">
          <params>
            <param index="0">
              <value>
                <![CDATA[https://www.google.com/]]>
              </value>
            </param>
          </params>
          <reporter-output>
          </reporter-output>
        </test-method> <!-- setup -->
        <test-method status="PASS" signature="googleMailLinkTest()[pri:0, instance:GoogleFeatureTest@22a637e7]" name="googleMailLinkTest" duration-ms="106" started-at="2021-01-28T05:07:42Z" finished-at="2021-01-28T05:07:42Z">
          <reporter-output>
          </reporter-output>
        </test-method> <!-- googleMailLinkTest -->
        <test-method status="PASS" signature="tearDown()[pri:0, instance:GoogleFeatureTest@22a637e7]" name="tearDown" is-config="true" duration-ms="294" started-at="2021-01-28T05:07:42Z" finished-at="2021-01-28T05:07:42Z">
          <reporter-output>
          </reporter-output>
        </test-method> <!-- tearDown -->
        <test-method status="PASS" signature="setup(java.lang.String)[pri:0, instance:GoogleFeatureTest@22a637e7]" name="setup" is-config="true" duration-ms="6197" started-at="2021-01-28T05:07:42Z" finished-at="2021-01-28T05:07:48Z">
          <params>
            <param index="0">
              <value>
                <![CDATA[https://www.google.com/]]>
              </value>
            </param>
          </params>
          <reporter-output>
          </reporter-output>
        </test-method> <!-- setup -->
        <test-method status="PASS" signature="titleTest()[pri:0, instance:GoogleFeatureTest@22a637e7]" name="titleTest" duration-ms="8" started-at="2021-01-28T05:07:48Z" finished-at="2021-01-28T05:07:48Z">
          <reporter-output>
          </reporter-output>
        </test-method> <!-- titleTest -->
        <test-method status="PASS" signature="tearDown()[pri:0, instance:GoogleFeatureTest@22a637e7]" name="tearDown" is-config="true" duration-ms="174" started-at="2021-01-28T05:07:48Z" finished-at="2021-01-28T05:07:49Z">
          <reporter-output>
          </reporter-output>
        </test-method> <!-- tearDown -->
      </class> <!-- GoogleFeatureTest -->
      <class name="TestNG">
        <test-method status="PASS" signature="launchBrowser()[pri:0, instance:TestNG@bef2d72]" name="launchBrowser" is-config="true" duration-ms="5937" started-at="2021-01-28T05:07:29Z" finished-at="2021-01-28T05:07:35Z">
          <reporter-output>
          </reporter-output>
        </test-method> <!-- launchBrowser -->
        <test-method status="PASS" signature="testTitle()[pri:0, instance:TestNG@bef2d72]" name="testTitle" duration-ms="25" started-at="2021-01-28T05:07:35Z" finished-at="2021-01-28T05:07:35Z">
          <reporter-output>
          </reporter-output>
        </test-method> <!-- testTitle -->
        <test-method status="PASS" signature="closeBrowser()[pri:0, instance:TestNG@bef2d72]" name="closeBrowser" is-config="true" duration-ms="84" started-at="2021-01-28T05:07:35Z" finished-at="2021-01-28T05:07:35Z">
          <reporter-output>
          </reporter-output>
        </test-method> <!-- closeBrowser -->
      </class> <!-- TestNG -->
      <class name="NewTestNG">
        <test-method status="PASS" signature="enterUrl()[pri:0, instance:NewTestNG@5223e5ee]" name="enterUrl" is-config="true" duration-ms="8" started-at="2021-01-28T05:07:29Z" finished-at="2021-01-28T05:07:29Z">
          <reporter-output>
          </reporter-output>
        </test-method> <!-- enterUrl -->
        <test-method status="PASS" signature="googleMailTest()[pri:0, instance:NewTestNG@5223e5ee]" name="googleMailTest" duration-ms="8" started-at="2021-01-28T05:07:29Z" finished-at="2021-01-28T05:07:29Z">
          <reporter-output>
          </reporter-output>
        </test-method> <!-- googleMailTest -->
        <test-method status="PASS" signature="logout()[pri:0, instance:NewTestNG@5223e5ee]" name="logout" is-config="true" duration-ms="0" started-at="2021-01-28T05:07:29Z" finished-at="2021-01-28T05:07:29Z">
          <reporter-output>
          </reporter-output>
        </test-method> <!-- logout -->
        <test-method status="PASS" signature="googleTitleTest()[pri:1, instance:NewTestNG@5223e5ee]" name="googleTitleTest" duration-ms="1" started-at="2021-01-28T05:07:49Z" finished-at="2021-01-28T05:07:49Z">
          <reporter-output>
          </reporter-output>
        </test-method> <!-- googleTitleTest -->
        <test-method status="PASS" signature="enterUrl()[pri:0, instance:NewTestNG@5223e5ee]" name="enterUrl" is-config="true" duration-ms="0" started-at="2021-01-28T05:07:49Z" finished-at="2021-01-28T05:07:49Z">
          <reporter-output>
          </reporter-output>
        </test-method> <!-- enterUrl -->
        <test-method status="PASS" signature="logout()[pri:0, instance:NewTestNG@5223e5ee]" name="logout" is-config="true" duration-ms="1" started-at="2021-01-28T05:07:49Z" finished-at="2021-01-28T05:07:49Z">
          <reporter-output>
          </reporter-output>
        </test-method> <!-- logout -->
        <test-method status="PASS" signature="googleLogoTest()[pri:1, instance:NewTestNG@5223e5ee]" name="googleLogoTest" duration-ms="1" started-at="2021-01-28T05:07:49Z" finished-at="2021-01-28T05:07:49Z">
          <reporter-output>
          </reporter-output>
        </test-method> <!-- googleLogoTest -->
        <test-method status="PASS" signature="enterUrl()[pri:0, instance:NewTestNG@5223e5ee]" name="enterUrl" is-config="true" duration-ms="0" started-at="2021-01-28T05:07:49Z" finished-at="2021-01-28T05:07:49Z">
          <reporter-output>
          </reporter-output>
        </test-method> <!-- enterUrl -->
        <test-method status="PASS" signature="logout()[pri:0, instance:NewTestNG@5223e5ee]" name="logout" is-config="true" duration-ms="2" started-at="2021-01-28T05:07:49Z" finished-at="2021-01-28T05:07:49Z">
          <reporter-output>
          </reporter-output>
        </test-method> <!-- logout -->
      </class> <!-- NewTestNG -->
      <class name="ExpectedException">
        <test-method status="PASS" signature="test()[pri:0, instance:ExpectedException@69b2283a]" name="test" duration-ms="0" started-at="2021-01-28T05:07:35Z" finished-at="2021-01-28T05:07:35Z">
          <reporter-output>
          </reporter-output>
        </test-method> <!-- test -->
      </class> <!-- ExpectedException -->
    </test> <!-- TestNGFeatureTest -->
  </suite> <!-- TestNG -->
</testng-results>
